
*** Running vivado
    with args -log ADC_DAC_range_test.vdi -applog -m64 -product Vivado -messageDb vivado.pb -mode batch -source ADC_DAC_range_test.tcl -notrace


****** Vivado v2018.1 (64-bit)
  **** SW Build 2188600 on Wed Apr  4 18:40:38 MDT 2018
  **** IP Build 2185939 on Wed Apr  4 20:55:05 MDT 2018
    ** Copyright 1986-2018 Xilinx, Inc. All Rights Reserved.

source ADC_DAC_range_test.tcl -notrace
Command: link_design -top ADC_DAC_range_test -part xc7a50tfgg484-3
Design is defaulting to srcset: sources_1
Design is defaulting to constrset: constrs_1
INFO: [Project 1-454] Reading design checkpoint 'c:/Users/Chris/Desktop/Research/Buck_Control/Buck_Control.srcs/sources_1/ip/clk_wiz_0/clk_wiz_0.dcp' for cell 'clk_wiz'
INFO: [Netlist 29-17] Analyzing 16 Unisim elements for replacement
INFO: [Netlist 29-28] Unisim Transformation completed in 0 CPU seconds
INFO: [Project 1-479] Netlist was created with Vivado 2018.1
INFO: [Device 21-403] Loading part xc7a50tfgg484-3
INFO: [Project 1-570] Preparing netlist for logic optimization
WARNING: [Opt 31-35] Removing redundant IBUF, clk_wiz/inst/clkin1_ibufg, from the path connected to top-level port: sys_clk_p 
Resolution: The tool has removed redundant IBUF. To resolve this warning, check for redundant IBUF in the input design.
WARNING: [Constraints 18-550] Could not create 'IBUF_LOW_PWR' constraint because net 'clk_wiz/clk_in1' is not directly connected to top level port. 'IBUF_LOW_PWR' is ignored by Vivado but preserved for implementation tool. [c:/Users/Chris/Desktop/Research/Buck_Control/Buck_Control.srcs/sources_1/ip/clk_wiz_0/clk_wiz_0/clk_wiz_0.edf:244]
Parsing XDC File [c:/Users/Chris/Desktop/Research/Buck_Control/Buck_Control.srcs/sources_1/ip/clk_wiz_0/clk_wiz_0_board.xdc] for cell 'clk_wiz/inst'
Finished Parsing XDC File [c:/Users/Chris/Desktop/Research/Buck_Control/Buck_Control.srcs/sources_1/ip/clk_wiz_0/clk_wiz_0_board.xdc] for cell 'clk_wiz/inst'
Parsing XDC File [c:/Users/Chris/Desktop/Research/Buck_Control/Buck_Control.srcs/sources_1/ip/clk_wiz_0/clk_wiz_0.xdc] for cell 'clk_wiz/inst'
INFO: [Timing 38-35] Done setting XDC timing constraints. [c:/Users/Chris/Desktop/Research/Buck_Control/Buck_Control.srcs/sources_1/ip/clk_wiz_0/clk_wiz_0.xdc:57]
INFO: [Timing 38-2] Deriving generated clocks [c:/Users/Chris/Desktop/Research/Buck_Control/Buck_Control.srcs/sources_1/ip/clk_wiz_0/clk_wiz_0.xdc:57]
get_clocks: Time (s): cpu = 00:00:13 ; elapsed = 00:00:15 . Memory (MB): peak = 1221.512 ; gain = 558.453
Finished Parsing XDC File [c:/Users/Chris/Desktop/Research/Buck_Control/Buck_Control.srcs/sources_1/ip/clk_wiz_0/clk_wiz_0.xdc] for cell 'clk_wiz/inst'
Parsing XDC File [C:/Users/Chris/Desktop/Research/Buck_Control/Buck_Control.srcs/constrs_1/new/DAC_range_test.xdc]
WARNING: [Vivado 12-584] No ports matched 'hi_in[0]'. [C:/Users/Chris/Desktop/Research/Buck_Control/Buck_Control.srcs/constrs_1/new/DAC_range_test.xdc:21]
CRITICAL WARNING: [Common 17-55] 'set_property' expects at least one object. [C:/Users/Chris/Desktop/Research/Buck_Control/Buck_Control.srcs/constrs_1/new/DAC_range_test.xdc:21]
Resolution: If [get_<value>] was used to populate the object, check to make sure this command returns at least one valid object.
WARNING: [Vivado 12-584] No ports matched 'hi_in[1]'. [C:/Users/Chris/Desktop/Research/Buck_Control/Buck_Control.srcs/constrs_1/new/DAC_range_test.xdc:22]
CRITICAL WARNING: [Common 17-55] 'set_property' expects at least one object. [C:/Users/Chris/Desktop/Research/Buck_Control/Buck_Control.srcs/constrs_1/new/DAC_range_test.xdc:22]
Resolution: If [get_<value>] was used to populate the object, check to make sure this command returns at least one valid object.
WARNING: [Vivado 12-584] No ports matched 'hi_in[2]'. [C:/Users/Chris/Desktop/Research/Buck_Control/Buck_Control.srcs/constrs_1/new/DAC_range_test.xdc:23]
CRITICAL WARNING: [Common 17-55] 'set_property' expects at least one object. [C:/Users/Chris/Desktop/Research/Buck_Control/Buck_Control.srcs/constrs_1/new/DAC_range_test.xdc:23]
Resolution: If [get_<value>] was used to populate the object, check to make sure this command returns at least one valid object.
WARNING: [Vivado 12-584] No ports matched 'hi_in[3]'. [C:/Users/Chris/Desktop/Research/Buck_Control/Buck_Control.srcs/constrs_1/new/DAC_range_test.xdc:24]
CRITICAL WARNING: [Common 17-55] 'set_property' expects at least one object. [C:/Users/Chris/Desktop/Research/Buck_Control/Buck_Control.srcs/constrs_1/new/DAC_range_test.xdc:24]
Resolution: If [get_<value>] was used to populate the object, check to make sure this command returns at least one valid object.
WARNING: [Vivado 12-584] No ports matched 'hi_in[4]'. [C:/Users/Chris/Desktop/Research/Buck_Control/Buck_Control.srcs/constrs_1/new/DAC_range_test.xdc:25]
CRITICAL WARNING: [Common 17-55] 'set_property' expects at least one object. [C:/Users/Chris/Desktop/Research/Buck_Control/Buck_Control.srcs/constrs_1/new/DAC_range_test.xdc:25]
Resolution: If [get_<value>] was used to populate the object, check to make sure this command returns at least one valid object.
WARNING: [Vivado 12-584] No ports matched 'hi_in[5]'. [C:/Users/Chris/Desktop/Research/Buck_Control/Buck_Control.srcs/constrs_1/new/DAC_range_test.xdc:26]
CRITICAL WARNING: [Common 17-55] 'set_property' expects at least one object. [C:/Users/Chris/Desktop/Research/Buck_Control/Buck_Control.srcs/constrs_1/new/DAC_range_test.xdc:26]
Resolution: If [get_<value>] was used to populate the object, check to make sure this command returns at least one valid object.
WARNING: [Vivado 12-584] No ports matched 'hi_in[6]'. [C:/Users/Chris/Desktop/Research/Buck_Control/Buck_Control.srcs/constrs_1/new/DAC_range_test.xdc:27]
CRITICAL WARNING: [Common 17-55] 'set_property' expects at least one object. [C:/Users/Chris/Desktop/Research/Buck_Control/Buck_Control.srcs/constrs_1/new/DAC_range_test.xdc:27]
Resolution: If [get_<value>] was used to populate the object, check to make sure this command returns at least one valid object.
WARNING: [Vivado 12-584] No ports matched 'hi_in[7]'. [C:/Users/Chris/Desktop/Research/Buck_Control/Buck_Control.srcs/constrs_1/new/DAC_range_test.xdc:28]
CRITICAL WARNING: [Common 17-55] 'set_property' expects at least one object. [C:/Users/Chris/Desktop/Research/Buck_Control/Buck_Control.srcs/constrs_1/new/DAC_range_test.xdc:28]
Resolution: If [get_<value>] was used to populate the object, check to make sure this command returns at least one valid object.
WARNING: [Vivado 12-584] No ports matched 'hi_in[*]'. [C:/Users/Chris/Desktop/Research/Buck_Control/Buck_Control.srcs/constrs_1/new/DAC_range_test.xdc:30]
CRITICAL WARNING: [Common 17-55] 'set_property' expects at least one object. [C:/Users/Chris/Desktop/Research/Buck_Control/Buck_Control.srcs/constrs_1/new/DAC_range_test.xdc:30]
Resolution: If [get_<value>] was used to populate the object, check to make sure this command returns at least one valid object.
WARNING: [Vivado 12-584] No ports matched 'hi_in[*]'. [C:/Users/Chris/Desktop/Research/Buck_Control/Buck_Control.srcs/constrs_1/new/DAC_range_test.xdc:31]
CRITICAL WARNING: [Common 17-55] 'set_property' expects at least one object. [C:/Users/Chris/Desktop/Research/Buck_Control/Buck_Control.srcs/constrs_1/new/DAC_range_test.xdc:31]
Resolution: If [get_<value>] was used to populate the object, check to make sure this command returns at least one valid object.
WARNING: [Vivado 12-584] No ports matched 'hi_out[0]'. [C:/Users/Chris/Desktop/Research/Buck_Control/Buck_Control.srcs/constrs_1/new/DAC_range_test.xdc:33]
CRITICAL WARNING: [Common 17-55] 'set_property' expects at least one object. [C:/Users/Chris/Desktop/Research/Buck_Control/Buck_Control.srcs/constrs_1/new/DAC_range_test.xdc:33]
Resolution: If [get_<value>] was used to populate the object, check to make sure this command returns at least one valid object.
WARNING: [Vivado 12-584] No ports matched 'hi_out[1]'. [C:/Users/Chris/Desktop/Research/Buck_Control/Buck_Control.srcs/constrs_1/new/DAC_range_test.xdc:34]
CRITICAL WARNING: [Common 17-55] 'set_property' expects at least one object. [C:/Users/Chris/Desktop/Research/Buck_Control/Buck_Control.srcs/constrs_1/new/DAC_range_test.xdc:34]
Resolution: If [get_<value>] was used to populate the object, check to make sure this command returns at least one valid object.
WARNING: [Vivado 12-584] No ports matched 'hi_out[*]'. [C:/Users/Chris/Desktop/Research/Buck_Control/Buck_Control.srcs/constrs_1/new/DAC_range_test.xdc:35]
CRITICAL WARNING: [Common 17-55] 'set_property' expects at least one object. [C:/Users/Chris/Desktop/Research/Buck_Control/Buck_Control.srcs/constrs_1/new/DAC_range_test.xdc:35]
Resolution: If [get_<value>] was used to populate the object, check to make sure this command returns at least one valid object.
WARNING: [Vivado 12-584] No ports matched 'hi_inout[0]'. [C:/Users/Chris/Desktop/Research/Buck_Control/Buck_Control.srcs/constrs_1/new/DAC_range_test.xdc:37]
CRITICAL WARNING: [Common 17-55] 'set_property' expects at least one object. [C:/Users/Chris/Desktop/Research/Buck_Control/Buck_Control.srcs/constrs_1/new/DAC_range_test.xdc:37]
Resolution: If [get_<value>] was used to populate the object, check to make sure this command returns at least one valid object.
WARNING: [Vivado 12-584] No ports matched 'hi_inout[1]'. [C:/Users/Chris/Desktop/Research/Buck_Control/Buck_Control.srcs/constrs_1/new/DAC_range_test.xdc:38]
CRITICAL WARNING: [Common 17-55] 'set_property' expects at least one object. [C:/Users/Chris/Desktop/Research/Buck_Control/Buck_Control.srcs/constrs_1/new/DAC_range_test.xdc:38]
Resolution: If [get_<value>] was used to populate the object, check to make sure this command returns at least one valid object.
WARNING: [Vivado 12-584] No ports matched 'hi_inout[2]'. [C:/Users/Chris/Desktop/Research/Buck_Control/Buck_Control.srcs/constrs_1/new/DAC_range_test.xdc:39]
CRITICAL WARNING: [Common 17-55] 'set_property' expects at least one object. [C:/Users/Chris/Desktop/Research/Buck_Control/Buck_Control.srcs/constrs_1/new/DAC_range_test.xdc:39]
Resolution: If [get_<value>] was used to populate the object, check to make sure this command returns at least one valid object.
WARNING: [Vivado 12-584] No ports matched 'hi_inout[3]'. [C:/Users/Chris/Desktop/Research/Buck_Control/Buck_Control.srcs/constrs_1/new/DAC_range_test.xdc:40]
CRITICAL WARNING: [Common 17-55] 'set_property' expects at least one object. [C:/Users/Chris/Desktop/Research/Buck_Control/Buck_Control.srcs/constrs_1/new/DAC_range_test.xdc:40]
Resolution: If [get_<value>] was used to populate the object, check to make sure this command returns at least one valid object.
WARNING: [Vivado 12-584] No ports matched 'hi_inout[4]'. [C:/Users/Chris/Desktop/Research/Buck_Control/Buck_Control.srcs/constrs_1/new/DAC_range_test.xdc:41]
CRITICAL WARNING: [Common 17-55] 'set_property' expects at least one object. [C:/Users/Chris/Desktop/Research/Buck_Control/Buck_Control.srcs/constrs_1/new/DAC_range_test.xdc:41]
Resolution: If [get_<value>] was used to populate the object, check to make sure this command returns at least one valid object.
WARNING: [Vivado 12-584] No ports matched 'hi_inout[5]'. [C:/Users/Chris/Desktop/Research/Buck_Control/Buck_Control.srcs/constrs_1/new/DAC_range_test.xdc:42]
CRITICAL WARNING: [Common 17-55] 'set_property' expects at least one object. [C:/Users/Chris/Desktop/Research/Buck_Control/Buck_Control.srcs/constrs_1/new/DAC_range_test.xdc:42]
Resolution: If [get_<value>] was used to populate the object, check to make sure this command returns at least one valid object.
WARNING: [Vivado 12-584] No ports matched 'hi_inout[6]'. [C:/Users/Chris/Desktop/Research/Buck_Control/Buck_Control.srcs/constrs_1/new/DAC_range_test.xdc:43]
CRITICAL WARNING: [Common 17-55] 'set_property' expects at least one object. [C:/Users/Chris/Desktop/Research/Buck_Control/Buck_Control.srcs/constrs_1/new/DAC_range_test.xdc:43]
Resolution: If [get_<value>] was used to populate the object, check to make sure this command returns at least one valid object.
WARNING: [Vivado 12-584] No ports matched 'hi_inout[7]'. [C:/Users/Chris/Desktop/Research/Buck_Control/Buck_Control.srcs/constrs_1/new/DAC_range_test.xdc:44]
CRITICAL WARNING: [Common 17-55] 'set_property' expects at least one object. [C:/Users/Chris/Desktop/Research/Buck_Control/Buck_Control.srcs/constrs_1/new/DAC_range_test.xdc:44]
Resolution: If [get_<value>] was used to populate the object, check to make sure this command returns at least one valid object.
WARNING: [Vivado 12-584] No ports matched 'hi_inout[8]'. [C:/Users/Chris/Desktop/Research/Buck_Control/Buck_Control.srcs/constrs_1/new/DAC_range_test.xdc:45]
CRITICAL WARNING: [Common 17-55] 'set_property' expects at least one object. [C:/Users/Chris/Desktop/Research/Buck_Control/Buck_Control.srcs/constrs_1/new/DAC_range_test.xdc:45]
Resolution: If [get_<value>] was used to populate the object, check to make sure this command returns at least one valid object.
WARNING: [Vivado 12-584] No ports matched 'hi_inout[9]'. [C:/Users/Chris/Desktop/Research/Buck_Control/Buck_Control.srcs/constrs_1/new/DAC_range_test.xdc:46]
CRITICAL WARNING: [Common 17-55] 'set_property' expects at least one object. [C:/Users/Chris/Desktop/Research/Buck_Control/Buck_Control.srcs/constrs_1/new/DAC_range_test.xdc:46]
Resolution: If [get_<value>] was used to populate the object, check to make sure this command returns at least one valid object.
WARNING: [Vivado 12-584] No ports matched 'hi_inout[10]'. [C:/Users/Chris/Desktop/Research/Buck_Control/Buck_Control.srcs/constrs_1/new/DAC_range_test.xdc:47]
CRITICAL WARNING: [Common 17-55] 'set_property' expects at least one object. [C:/Users/Chris/Desktop/Research/Buck_Control/Buck_Control.srcs/constrs_1/new/DAC_range_test.xdc:47]
Resolution: If [get_<value>] was used to populate the object, check to make sure this command returns at least one valid object.
WARNING: [Vivado 12-584] No ports matched 'hi_inout[11]'. [C:/Users/Chris/Desktop/Research/Buck_Control/Buck_Control.srcs/constrs_1/new/DAC_range_test.xdc:48]
CRITICAL WARNING: [Common 17-55] 'set_property' expects at least one object. [C:/Users/Chris/Desktop/Research/Buck_Control/Buck_Control.srcs/constrs_1/new/DAC_range_test.xdc:48]
Resolution: If [get_<value>] was used to populate the object, check to make sure this command returns at least one valid object.
WARNING: [Vivado 12-584] No ports matched 'hi_inout[12]'. [C:/Users/Chris/Desktop/Research/Buck_Control/Buck_Control.srcs/constrs_1/new/DAC_range_test.xdc:49]
CRITICAL WARNING: [Common 17-55] 'set_property' expects at least one object. [C:/Users/Chris/Desktop/Research/Buck_Control/Buck_Control.srcs/constrs_1/new/DAC_range_test.xdc:49]
Resolution: If [get_<value>] was used to populate the object, check to make sure this command returns at least one valid object.
WARNING: [Vivado 12-584] No ports matched 'hi_inout[13]'. [C:/Users/Chris/Desktop/Research/Buck_Control/Buck_Control.srcs/constrs_1/new/DAC_range_test.xdc:50]
CRITICAL WARNING: [Common 17-55] 'set_property' expects at least one object. [C:/Users/Chris/Desktop/Research/Buck_Control/Buck_Control.srcs/constrs_1/new/DAC_range_test.xdc:50]
Resolution: If [get_<value>] was used to populate the object, check to make sure this command returns at least one valid object.
WARNING: [Vivado 12-584] No ports matched 'hi_inout[14]'. [C:/Users/Chris/Desktop/Research/Buck_Control/Buck_Control.srcs/constrs_1/new/DAC_range_test.xdc:51]
CRITICAL WARNING: [Common 17-55] 'set_property' expects at least one object. [C:/Users/Chris/Desktop/Research/Buck_Control/Buck_Control.srcs/constrs_1/new/DAC_range_test.xdc:51]
Resolution: If [get_<value>] was used to populate the object, check to make sure this command returns at least one valid object.
WARNING: [Vivado 12-584] No ports matched 'hi_inout[15]'. [C:/Users/Chris/Desktop/Research/Buck_Control/Buck_Control.srcs/constrs_1/new/DAC_range_test.xdc:52]
CRITICAL WARNING: [Common 17-55] 'set_property' expects at least one object. [C:/Users/Chris/Desktop/Research/Buck_Control/Buck_Control.srcs/constrs_1/new/DAC_range_test.xdc:52]
Resolution: If [get_<value>] was used to populate the object, check to make sure this command returns at least one valid object.
WARNING: [Vivado 12-584] No ports matched 'hi_inout[*]'. [C:/Users/Chris/Desktop/Research/Buck_Control/Buck_Control.srcs/constrs_1/new/DAC_range_test.xdc:53]
CRITICAL WARNING: [Common 17-55] 'set_property' expects at least one object. [C:/Users/Chris/Desktop/Research/Buck_Control/Buck_Control.srcs/constrs_1/new/DAC_range_test.xdc:53]
Resolution: If [get_<value>] was used to populate the object, check to make sure this command returns at least one valid object.
WARNING: [Vivado 12-584] No ports matched 'hi_aa'. [C:/Users/Chris/Desktop/Research/Buck_Control/Buck_Control.srcs/constrs_1/new/DAC_range_test.xdc:55]
CRITICAL WARNING: [Common 17-55] 'set_property' expects at least one object. [C:/Users/Chris/Desktop/Research/Buck_Control/Buck_Control.srcs/constrs_1/new/DAC_range_test.xdc:55]
Resolution: If [get_<value>] was used to populate the object, check to make sure this command returns at least one valid object.
WARNING: [Vivado 12-584] No ports matched 'hi_aa'. [C:/Users/Chris/Desktop/Research/Buck_Control/Buck_Control.srcs/constrs_1/new/DAC_range_test.xdc:56]
CRITICAL WARNING: [Common 17-55] 'set_property' expects at least one object. [C:/Users/Chris/Desktop/Research/Buck_Control/Buck_Control.srcs/constrs_1/new/DAC_range_test.xdc:56]
Resolution: If [get_<value>] was used to populate the object, check to make sure this command returns at least one valid object.
WARNING: [Vivado 12-584] No ports matched 'hi_in[0]'. [C:/Users/Chris/Desktop/Research/Buck_Control/Buck_Control.srcs/constrs_1/new/DAC_range_test.xdc:59]
CRITICAL WARNING: [Vivado 12-4739] create_clock:No valid object(s) found for '-objects [get_ports {hi_in[0]}]'. [C:/Users/Chris/Desktop/Research/Buck_Control/Buck_Control.srcs/constrs_1/new/DAC_range_test.xdc:59]
Resolution: Check if the specified object(s) exists in the current design. If it does, ensure that the correct design hierarchy was specified for the object. If you are working with clocks, make sure create_clock was used to create the clock object before it is referenced.
WARNING: [Vivado 12-627] No clocks matched 'okHostClk'. [C:/Users/Chris/Desktop/Research/Buck_Control/Buck_Control.srcs/constrs_1/new/DAC_range_test.xdc:61]
INFO: [Vivado 12-626] No clocks found. Please use 'create_clock' or 'create_generated_clock' command to create clocks. [C:/Users/Chris/Desktop/Research/Buck_Control/Buck_Control.srcs/constrs_1/new/DAC_range_test.xdc:61]
WARNING: [Vivado 12-584] No ports matched 'hi_inout[*]'. [C:/Users/Chris/Desktop/Research/Buck_Control/Buck_Control.srcs/constrs_1/new/DAC_range_test.xdc:61]
CRITICAL WARNING: [Vivado 12-4739] set_input_delay:No valid object(s) found for '-objects [get_ports {hi_inout[*]}]'. [C:/Users/Chris/Desktop/Research/Buck_Control/Buck_Control.srcs/constrs_1/new/DAC_range_test.xdc:61]
Resolution: Check if the specified object(s) exists in the current design. If it does, ensure that the correct design hierarchy was specified for the object. If you are working with clocks, make sure create_clock was used to create the clock object before it is referenced.
WARNING: [Vivado 12-627] No clocks matched 'okHostClk'. [C:/Users/Chris/Desktop/Research/Buck_Control/Buck_Control.srcs/constrs_1/new/DAC_range_test.xdc:62]
INFO: [Vivado 12-626] No clocks found. Please use 'create_clock' or 'create_generated_clock' command to create clocks. [C:/Users/Chris/Desktop/Research/Buck_Control/Buck_Control.srcs/constrs_1/new/DAC_range_test.xdc:62]
WARNING: [Vivado 12-584] No ports matched 'hi_inout[*]'. [C:/Users/Chris/Desktop/Research/Buck_Control/Buck_Control.srcs/constrs_1/new/DAC_range_test.xdc:62]
CRITICAL WARNING: [Vivado 12-4739] set_input_delay:No valid object(s) found for '-objects [get_ports {hi_inout[*]}]'. [C:/Users/Chris/Desktop/Research/Buck_Control/Buck_Control.srcs/constrs_1/new/DAC_range_test.xdc:62]
Resolution: Check if the specified object(s) exists in the current design. If it does, ensure that the correct design hierarchy was specified for the object. If you are working with clocks, make sure create_clock was used to create the clock object before it is referenced.
WARNING: [Vivado 12-584] No ports matched 'hi_inout[*]'. [C:/Users/Chris/Desktop/Research/Buck_Control/Buck_Control.srcs/constrs_1/new/DAC_range_test.xdc:63]
CRITICAL WARNING: [Vivado 12-4739] set_multicycle_path:No valid object(s) found for '-from [get_ports {hi_inout[*]}]'. [C:/Users/Chris/Desktop/Research/Buck_Control/Buck_Control.srcs/constrs_1/new/DAC_range_test.xdc:63]
Resolution: Check if the specified object(s) exists in the current design. If it does, ensure that the correct design hierarchy was specified for the object. If you are working with clocks, make sure create_clock was used to create the clock object before it is referenced.
WARNING: [Vivado 12-627] No clocks matched 'okHostClk'. [C:/Users/Chris/Desktop/Research/Buck_Control/Buck_Control.srcs/constrs_1/new/DAC_range_test.xdc:65]
INFO: [Vivado 12-626] No clocks found. Please use 'create_clock' or 'create_generated_clock' command to create clocks. [C:/Users/Chris/Desktop/Research/Buck_Control/Buck_Control.srcs/constrs_1/new/DAC_range_test.xdc:65]
WARNING: [Vivado 12-584] No ports matched 'hi_in[*]'. [C:/Users/Chris/Desktop/Research/Buck_Control/Buck_Control.srcs/constrs_1/new/DAC_range_test.xdc:65]
CRITICAL WARNING: [Vivado 12-4739] set_input_delay:No valid object(s) found for '-objects [get_ports {hi_in[*]}]'. [C:/Users/Chris/Desktop/Research/Buck_Control/Buck_Control.srcs/constrs_1/new/DAC_range_test.xdc:65]
Resolution: Check if the specified object(s) exists in the current design. If it does, ensure that the correct design hierarchy was specified for the object. If you are working with clocks, make sure create_clock was used to create the clock object before it is referenced.
WARNING: [Vivado 12-627] No clocks matched 'okHostClk'. [C:/Users/Chris/Desktop/Research/Buck_Control/Buck_Control.srcs/constrs_1/new/DAC_range_test.xdc:66]
INFO: [Vivado 12-626] No clocks found. Please use 'create_clock' or 'create_generated_clock' command to create clocks. [C:/Users/Chris/Desktop/Research/Buck_Control/Buck_Control.srcs/constrs_1/new/DAC_range_test.xdc:66]
WARNING: [Vivado 12-584] No ports matched 'hi_in[*]'. [C:/Users/Chris/Desktop/Research/Buck_Control/Buck_Control.srcs/constrs_1/new/DAC_range_test.xdc:66]
CRITICAL WARNING: [Vivado 12-4739] set_input_delay:No valid object(s) found for '-objects [get_ports {hi_in[*]}]'. [C:/Users/Chris/Desktop/Research/Buck_Control/Buck_Control.srcs/constrs_1/new/DAC_range_test.xdc:66]
Resolution: Check if the specified object(s) exists in the current design. If it does, ensure that the correct design hierarchy was specified for the object. If you are working with clocks, make sure create_clock was used to create the clock object before it is referenced.
WARNING: [Vivado 12-584] No ports matched 'hi_in[*]'. [C:/Users/Chris/Desktop/Research/Buck_Control/Buck_Control.srcs/constrs_1/new/DAC_range_test.xdc:67]
CRITICAL WARNING: [Vivado 12-4739] set_multicycle_path:No valid object(s) found for '-from [get_ports {hi_in[*]}]'. [C:/Users/Chris/Desktop/Research/Buck_Control/Buck_Control.srcs/constrs_1/new/DAC_range_test.xdc:67]
Resolution: Check if the specified object(s) exists in the current design. If it does, ensure that the correct design hierarchy was specified for the object. If you are working with clocks, make sure create_clock was used to create the clock object before it is referenced.
WARNING: [Vivado 12-627] No clocks matched 'okHostClk'. [C:/Users/Chris/Desktop/Research/Buck_Control/Buck_Control.srcs/constrs_1/new/DAC_range_test.xdc:69]
INFO: [Vivado 12-626] No clocks found. Please use 'create_clock' or 'create_generated_clock' command to create clocks. [C:/Users/Chris/Desktop/Research/Buck_Control/Buck_Control.srcs/constrs_1/new/DAC_range_test.xdc:69]
WARNING: [Vivado 12-584] No ports matched 'hi_out[*]'. [C:/Users/Chris/Desktop/Research/Buck_Control/Buck_Control.srcs/constrs_1/new/DAC_range_test.xdc:69]
CRITICAL WARNING: [Vivado 12-4739] set_output_delay:No valid object(s) found for '-objects [get_ports {hi_out[*]}]'. [C:/Users/Chris/Desktop/Research/Buck_Control/Buck_Control.srcs/constrs_1/new/DAC_range_test.xdc:69]
Resolution: Check if the specified object(s) exists in the current design. If it does, ensure that the correct design hierarchy was specified for the object. If you are working with clocks, make sure create_clock was used to create the clock object before it is referenced.
WARNING: [Vivado 12-627] No clocks matched 'okHostClk'. [C:/Users/Chris/Desktop/Research/Buck_Control/Buck_Control.srcs/constrs_1/new/DAC_range_test.xdc:71]
INFO: [Vivado 12-626] No clocks found. Please use 'create_clock' or 'create_generated_clock' command to create clocks. [C:/Users/Chris/Desktop/Research/Buck_Control/Buck_Control.srcs/constrs_1/new/DAC_range_test.xdc:71]
WARNING: [Vivado 12-584] No ports matched 'hi_inout[*]'. [C:/Users/Chris/Desktop/Research/Buck_Control/Buck_Control.srcs/constrs_1/new/DAC_range_test.xdc:71]
CRITICAL WARNING: [Vivado 12-4739] set_output_delay:No valid object(s) found for '-objects [get_ports {hi_inout[*]}]'. [C:/Users/Chris/Desktop/Research/Buck_Control/Buck_Control.srcs/constrs_1/new/DAC_range_test.xdc:71]
Resolution: Check if the specified object(s) exists in the current design. If it does, ensure that the correct design hierarchy was specified for the object. If you are working with clocks, make sure create_clock was used to create the clock object before it is referenced.
Finished Parsing XDC File [C:/Users/Chris/Desktop/Research/Buck_Control/Buck_Control.srcs/constrs_1/new/DAC_range_test.xdc]
INFO: [Opt 31-138] Pushed 0 inverter(s) to 0 load pin(s).
INFO: [Project 1-111] Unisim Transformation Summary:
No Unisim elements were transformed.

16 Infos, 49 Warnings, 41 Critical Warnings and 0 Errors encountered.
link_design completed successfully
link_design: Time (s): cpu = 00:00:20 ; elapsed = 00:00:24 . Memory (MB): peak = 1221.512 ; gain = 885.949
Command: opt_design
Attempting to get a license for feature 'Implementation' and/or device 'xc7a50t'
INFO: [Common 17-349] Got license for feature 'Implementation' and/or device 'xc7a50t'
Running DRC as a precondition to command opt_design

Starting DRC Task
INFO: [DRC 23-27] Running DRC with 2 threads
INFO: [Project 1-461] DRC finished with 0 Errors
INFO: [Project 1-462] Please refer to the DRC report (report_drc) for more information.

Time (s): cpu = 00:00:01 ; elapsed = 00:00:00.783 . Memory (MB): peak = 1221.512 ; gain = 0.000
INFO: [Timing 38-35] Done setting XDC timing constraints.

Starting Logic Optimization Task

Phase 1 Retarget
INFO: [Opt 31-138] Pushed 0 inverter(s) to 0 load pin(s).
INFO: [Opt 31-49] Retargeted 0 cell(s).
Phase 1 Retarget | Checksum: 19ab1c90a

Time (s): cpu = 00:00:00 ; elapsed = 00:00:00.028 . Memory (MB): peak = 1236.383 ; gain = 0.000
INFO: [Opt 31-389] Phase Retarget created 0 cells and removed 0 cells

Phase 2 Constant propagation
INFO: [Opt 31-138] Pushed 0 inverter(s) to 0 load pin(s).
Phase 2 Constant propagation | Checksum: 19ab1c90a

Time (s): cpu = 00:00:00 ; elapsed = 00:00:00.032 . Memory (MB): peak = 1236.383 ; gain = 0.000
INFO: [Opt 31-389] Phase Constant propagation created 0 cells and removed 0 cells

Phase 3 Sweep
Phase 3 Sweep | Checksum: 1c158e42e

Time (s): cpu = 00:00:00 ; elapsed = 00:00:00.036 . Memory (MB): peak = 1236.383 ; gain = 0.000
INFO: [Opt 31-389] Phase Sweep created 0 cells and removed 0 cells

Phase 4 BUFG optimization
Phase 4 BUFG optimization | Checksum: 1c158e42e

Time (s): cpu = 00:00:00 ; elapsed = 00:00:00.041 . Memory (MB): peak = 1236.383 ; gain = 0.000
INFO: [Opt 31-389] Phase BUFG optimization created 0 cells and removed 0 cells

Phase 5 Shift Register Optimization
Phase 5 Shift Register Optimization | Checksum: 1c158e42e

Time (s): cpu = 00:00:00 ; elapsed = 00:00:00.044 . Memory (MB): peak = 1236.383 ; gain = 0.000
INFO: [Opt 31-389] Phase Shift Register Optimization created 0 cells and removed 0 cells

Phase 6 Post Processing Netlist
Phase 6 Post Processing Netlist | Checksum: 1c158e42e

Time (s): cpu = 00:00:00 ; elapsed = 00:00:00.046 . Memory (MB): peak = 1236.383 ; gain = 0.000
INFO: [Opt 31-389] Phase Post Processing Netlist created 0 cells and removed 0 cells

Starting Connectivity Check Task

Time (s): cpu = 00:00:00 ; elapsed = 00:00:00.001 . Memory (MB): peak = 1236.383 ; gain = 0.000
Ending Logic Optimization Task | Checksum: 1c158e42e

Time (s): cpu = 00:00:00 ; elapsed = 00:00:00.047 . Memory (MB): peak = 1236.383 ; gain = 0.000

Starting Power Optimization Task
INFO: [Pwropt 34-132] Skipping clock gating for clocks with a period < 2.00 ns.
Ending Power Optimization Task | Checksum: 151be65aa

Time (s): cpu = 00:00:00 ; elapsed = 00:00:00.010 . Memory (MB): peak = 1236.383 ; gain = 0.000
INFO: [Common 17-83] Releasing license: Implementation
32 Infos, 49 Warnings, 41 Critical Warnings and 0 Errors encountered.
opt_design completed successfully
INFO: [Timing 38-480] Writing timing data to binary archive.
Writing placer database...
Writing XDEF routing.
Writing XDEF routing logical nets.
Writing XDEF routing special nets.
Write XDEF Complete: Time (s): cpu = 00:00:00 ; elapsed = 00:00:00.067 . Memory (MB): peak = 1236.383 ; gain = 0.000
INFO: [Common 17-1381] The checkpoint 'C:/Users/Chris/Desktop/Research/Buck_Control/Buck_Control.runs/impl_1/ADC_DAC_range_test_opt.dcp' has been generated.
INFO: [runtcl-4] Executing : report_drc -file ADC_DAC_range_test_drc_opted.rpt -pb ADC_DAC_range_test_drc_opted.pb -rpx ADC_DAC_range_test_drc_opted.rpx
Command: report_drc -file ADC_DAC_range_test_drc_opted.rpt -pb ADC_DAC_range_test_drc_opted.pb -rpx ADC_DAC_range_test_drc_opted.rpx
INFO: [DRC 23-27] Running DRC with 2 threads
INFO: [Coretcl 2-168] The results of DRC are in file C:/Users/Chris/Desktop/Research/Buck_Control/Buck_Control.runs/impl_1/ADC_DAC_range_test_drc_opted.rpt.
report_drc completed successfully
Command: place_design
Attempting to get a license for feature 'Implementation' and/or device 'xc7a50t'
INFO: [Common 17-349] Got license for feature 'Implementation' and/or device 'xc7a50t'
INFO: [DRC 23-27] Running DRC with 2 threads
INFO: [Vivado_Tcl 4-198] DRC finished with 0 Errors
INFO: [Vivado_Tcl 4-199] Please refer to the DRC report (report_drc) for more information.
Running DRC as a precondition to command place_design
INFO: [DRC 23-27] Running DRC with 2 threads
INFO: [Vivado_Tcl 4-198] DRC finished with 0 Errors
INFO: [Vivado_Tcl 4-199] Please refer to the DRC report (report_drc) for more information.

Starting Placer Task
INFO: [Place 30-611] Multithreading enabled for place_design using a maximum of 2 CPUs

Phase 1 Placer Initialization

Phase 1.1 Placer Initialization Netlist Sorting
Netlist sorting complete. Time (s): cpu = 00:00:00 ; elapsed = 00:00:00 . Memory (MB): peak = 1236.383 ; gain = 0.000
Phase 1.1 Placer Initialization Netlist Sorting | Checksum: 142ba4fdd

Time (s): cpu = 00:00:00 ; elapsed = 00:00:00.005 . Memory (MB): peak = 1236.383 ; gain = 0.000
INFO: [Timing 38-35] Done setting XDC timing constraints.
INFO: [Opt 31-138] Pushed 0 inverter(s) to 0 load pin(s).
Netlist sorting complete. Time (s): cpu = 00:00:00 ; elapsed = 00:00:00 . Memory (MB): peak = 1236.383 ; gain = 0.000

Phase 1.2 IO Placement/ Clock Placement/ Build Placer Device
INFO: [Timing 38-35] Done setting XDC timing constraints.
Phase 1.2 IO Placement/ Clock Placement/ Build Placer Device | Checksum: 15ba83f24

Time (s): cpu = 00:00:01 ; elapsed = 00:00:00.632 . Memory (MB): peak = 1236.383 ; gain = 0.000

Phase 1.3 Build Placer Netlist Model
Phase 1.3 Build Placer Netlist Model | Checksum: 1d2707c39

Time (s): cpu = 00:00:01 ; elapsed = 00:00:00.751 . Memory (MB): peak = 1236.383 ; gain = 0.000

Phase 1.4 Constrain Clocks/Macros
Phase 1.4 Constrain Clocks/Macros | Checksum: 1d2707c39

Time (s): cpu = 00:00:01 ; elapsed = 00:00:00.753 . Memory (MB): peak = 1236.383 ; gain = 0.000
Phase 1 Placer Initialization | Checksum: 1d2707c39

Time (s): cpu = 00:00:01 ; elapsed = 00:00:00.754 . Memory (MB): peak = 1236.383 ; gain = 0.000

Phase 2 Global Placement
Phase 2 Global Placement | Checksum: 16ac38908

Time (s): cpu = 00:00:02 ; elapsed = 00:00:01 . Memory (MB): peak = 1236.383 ; gain = 0.000

Phase 3 Detail Placement

Phase 3.1 Commit Multi Column Macros
Phase 3.1 Commit Multi Column Macros | Checksum: 16ac38908

Time (s): cpu = 00:00:02 ; elapsed = 00:00:01 . Memory (MB): peak = 1236.383 ; gain = 0.000

Phase 3.2 Commit Most Macros & LUTRAMs
Phase 3.2 Commit Most Macros & LUTRAMs | Checksum: 1a6086dce

Time (s): cpu = 00:00:02 ; elapsed = 00:00:01 . Memory (MB): peak = 1236.383 ; gain = 0.000

Phase 3.3 Area Swap Optimization
Phase 3.3 Area Swap Optimization | Checksum: 1c06ba5fa

Time (s): cpu = 00:00:02 ; elapsed = 00:00:01 . Memory (MB): peak = 1236.383 ; gain = 0.000

Phase 3.4 Pipeline Register Optimization
Phase 3.4 Pipeline Register Optimization | Checksum: 1c06ba5fa

Time (s): cpu = 00:00:02 ; elapsed = 00:00:01 . Memory (MB): peak = 1236.383 ; gain = 0.000

Phase 3.5 Small Shape Detail Placement
Phase 3.5 Small Shape Detail Placement | Checksum: 26d5c8008

Time (s): cpu = 00:00:02 ; elapsed = 00:00:01 . Memory (MB): peak = 1236.383 ; gain = 0.000

Phase 3.6 Re-assign LUT pins
Phase 3.6 Re-assign LUT pins | Checksum: 1f7e0ff59

Time (s): cpu = 00:00:02 ; elapsed = 00:00:01 . Memory (MB): peak = 1236.383 ; gain = 0.000

Phase 3.7 Pipeline Register Optimization
Phase 3.7 Pipeline Register Optimization | Checksum: 1f7e0ff59

Time (s): cpu = 00:00:02 ; elapsed = 00:00:01 . Memory (MB): peak = 1236.383 ; gain = 0.000
Phase 3 Detail Placement | Checksum: 1f7e0ff59

Time (s): cpu = 00:00:02 ; elapsed = 00:00:01 . Memory (MB): peak = 1236.383 ; gain = 0.000

Phase 4 Post Placement Optimization and Clean-Up

Phase 4.1 Post Commit Optimization
INFO: [Timing 38-35] Done setting XDC timing constraints.

Phase 4.1.1 Post Placement Optimization
Post Placement Optimization Initialization | Checksum: 1d2a9a5f6

Phase 4.1.1.1 BUFG Insertion
INFO: [Physopt 32-721] Multithreading enabled for phys_opt_design using a maximum of 2 CPUs
INFO: [Place 46-31] BUFG insertion identified 0 candidate nets, 0 success, 0 skipped for placement/routing, 0 skipped for timing, 0 skipped for netlist change reason.
Phase 4.1.1.1 BUFG Insertion | Checksum: 1d2a9a5f6

Time (s): cpu = 00:00:02 ; elapsed = 00:00:02 . Memory (MB): peak = 1236.383 ; gain = 0.000
INFO: [Place 30-746] Post Placement Timing Summary WNS=0.498. For the most accurate timing information please run report_timing.
Phase 4.1.1 Post Placement Optimization | Checksum: d5e75b1f

Time (s): cpu = 00:00:04 ; elapsed = 00:00:04 . Memory (MB): peak = 1236.383 ; gain = 0.000
Phase 4.1 Post Commit Optimization | Checksum: d5e75b1f

Time (s): cpu = 00:00:04 ; elapsed = 00:00:04 . Memory (MB): peak = 1236.383 ; gain = 0.000

Phase 4.2 Post Placement Cleanup
Phase 4.2 Post Placement Cleanup | Checksum: d5e75b1f

Time (s): cpu = 00:00:04 ; elapsed = 00:00:04 . Memory (MB): peak = 1236.383 ; gain = 0.000

Phase 4.3 Placer Reporting
Phase 4.3 Placer Reporting | Checksum: d5e75b1f

Time (s): cpu = 00:00:04 ; elapsed = 00:00:04 . Memory (MB): peak = 1236.383 ; gain = 0.000

Phase 4.4 Final Placement Cleanup
Phase 4.4 Final Placement Cleanup | Checksum: 4dcbef8a

Time (s): cpu = 00:00:04 ; elapsed = 00:00:04 . Memory (MB): peak = 1236.383 ; gain = 0.000
Phase 4 Post Placement Optimization and Clean-Up | Checksum: 4dcbef8a

Time (s): cpu = 00:00:04 ; elapsed = 00:00:04 . Memory (MB): peak = 1236.383 ; gain = 0.000
Ending Placer Task | Checksum: 339bd22e

Time (s): cpu = 00:00:04 ; elapsed = 00:00:04 . Memory (MB): peak = 1236.383 ; gain = 0.000
INFO: [Common 17-83] Releasing license: Implementation
53 Infos, 49 Warnings, 41 Critical Warnings and 0 Errors encountered.
place_design completed successfully
INFO: [Timing 38-480] Writing timing data to binary archive.
Writing placer database...
Writing XDEF routing.
Writing XDEF routing logical nets.
Writing XDEF routing special nets.
Write XDEF Complete: Time (s): cpu = 00:00:01 ; elapsed = 00:00:00.072 . Memory (MB): peak = 1236.383 ; gain = 0.000
INFO: [Common 17-1381] The checkpoint 'C:/Users/Chris/Desktop/Research/Buck_Control/Buck_Control.runs/impl_1/ADC_DAC_range_test_placed.dcp' has been generated.
INFO: [runtcl-4] Executing : report_io -file ADC_DAC_range_test_io_placed.rpt
report_io: Time (s): cpu = 00:00:00 ; elapsed = 00:00:00.097 . Memory (MB): peak = 1236.383 ; gain = 0.000
INFO: [runtcl-4] Executing : report_utilization -file ADC_DAC_range_test_utilization_placed.rpt -pb ADC_DAC_range_test_utilization_placed.pb
report_utilization: Time (s): cpu = 00:00:00 ; elapsed = 00:00:00.039 . Memory (MB): peak = 1236.383 ; gain = 0.000
INFO: [runtcl-4] Executing : report_control_sets -verbose -file ADC_DAC_range_test_control_sets_placed.rpt
report_control_sets: Time (s): cpu = 00:00:00 ; elapsed = 00:00:00.007 . Memory (MB): peak = 1236.383 ; gain = 0.000
Command: route_design
Attempting to get a license for feature 'Implementation' and/or device 'xc7a50t'
INFO: [Common 17-349] Got license for feature 'Implementation' and/or device 'xc7a50t'
Running DRC as a precondition to command route_design
INFO: [DRC 23-27] Running DRC with 2 threads
INFO: [Vivado_Tcl 4-198] DRC finished with 0 Errors
INFO: [Vivado_Tcl 4-199] Please refer to the DRC report (report_drc) for more information.


Starting Routing Task
INFO: [Route 35-254] Multithreading enabled for route_design using a maximum of 2 CPUs
Checksum: PlaceDB: 1f0bf55f ConstDB: 0 ShapeSum: 148fdccf RouteDB: 0

Phase 1 Build RT Design
